[    2027ms] Unexpected token '<'
[    2046ms] TypeError: Cannot read properties of undefined (reading 'each')
    at https://krayden.com/assets/js/vendors/waypoints.js?r=%3C%=%20session.getId()%%3E:8:8037
    at https://krayden.com/assets/js/vendors/waypoints.js?r=%3C%=%20session.getId()%%3E:8:8402
[    2049ms] TypeError: a is not a function
    at https://krayden.com/assets/js/vendors/magnific-popup.js?r=%3C%=%20session.getId()%%3E:5:374
    at https://krayden.com/assets/js/vendors/magnific-popup.js?r=%3C%=%20session.getId()%%3E:5:73
    at https://krayden.com/assets/js/vendors/magnific-popup.js?r=%3C%=%20session.getId()%%3E:5:147
[    2053ms] ReferenceError: jQuery is not defined
    at https://krayden.com/assets/js/vendors/select2.min.js?r=%3C%=%20session.getId()%%3E:2:241
    at https://krayden.com/assets/js/vendors/select2.min.js?r=%3C%=%20session.getId()%%3E:2:249
[    2060ms] ReferenceError: $ is not defined
    at https://krayden.com/assets/js/vendors/slider.js?r=%3C%=%20session.getId()%%3E:4:1
[    2061ms] ReferenceError: jQuery is not defined
    at https://krayden.com/assets/js/vendors/counterup.js?r=%3C%=%20session.getId()%%3E:10:910
[    2062ms] ReferenceError: jQuery is not defined
    at https://krayden.com/assets/js/vendors/jquery.countdown.min.js?r=%3C%=%20session.getId()%%3E:22:88
    at https://krayden.com/assets/js/vendors/jquery.countdown.min.js?r=%3C%=%20session.getId()%%3E:22:96
[    2063ms] ReferenceError: jQuery is not defined
    at https://krayden.com/assets/js/vendors/jquery.elevatezoom.js?r=%3C%=%20session.getId()%%3E:1790:5
[    2064ms] Unexpected token '<'
[    2065ms] ReferenceError: jQuery is not defined
    at https://krayden.com/assets/js/shop23cd.js?r=%3C%=%20session.getId()%%3E:232:4
[    2067ms] ReferenceError: $ is not defined
    at https://krayden.com/assets/js/main.js?r=%3C%=%20session.getId()%%3E:37:1
[    2072ms] ReferenceError: jQuery is not defined
    at https://krayden.com/assets/js/vendors/scrollup.js?r=%3C%=%20session.getId()%%3E:9:1849
[    4091ms] [ERROR] ERROR TypeError: Cannot read properties of null (reading 'PageTitle')
    at Object.next (https://krayden.com/chunk-MWW2RG26.js:1:29689)
    at ju.next (https://krayden.com/chunk-TGFBLQ7E.js:3:3107)
    at _r._next (https://krayden.com/chunk-TGFBLQ7E.js:3:2790)
    at _r.next (https://krayden.com/chunk-TGFBLQ7E.js:3:2517)
    at https://krayden.com/chunk-TGFBLQ7E.js:3:16909
    at Vu._next (https://krayden.com/chunk-TGFBLQ7E.js:3:5415)
    at Vu.next (https://krayden.com/chunk-TGFBLQ7E.js:3:2517)
    at https://krayden.com/chunk-TGFBLQ7E.js:3:19907
    at Vu._next (https://krayden.com/chunk-TGFBLQ7E.js:3:5415)
    at Vu.next (https://krayden.com/chunk-TGFBLQ7E.js:3:2517) @ https://krayden.com/chunk-TGFBLQ7E.js:3
